<?xml version="1.0" encoding="UTF-8"?>
<testng-results ignored="0" total="1" passed="1" failed="0" skipped="0">
  <reporter-output>
  </reporter-output>
  <suite started-at="2021-12-02T18:52:06 IST" name="Suite" finished-at="2021-12-02T18:53:54 IST" duration-ms="108927">
    <groups>
    </groups>
    <test started-at="2021-12-02T18:52:06 IST" name="Test" finished-at="2021-12-02T18:53:54 IST" duration-ms="108927">
      <class name="Testing.EndTest">
        <test-method is-config="true" signature="setUp()[pri:0, instance:Testing.EndTest@344f4dea]" started-at="2021-12-02T18:52:06 IST" name="setUp" finished-at="2021-12-02T18:52:06 IST" duration-ms="391" status="PASS">
          <reporter-output>
          </reporter-output>
        </test-method> <!-- setUp -->
        <test-method signature="pageNavigation()[pri:0, instance:Testing.EndTest@344f4dea]" started-at="2021-12-02T18:52:06 IST" name="pageNavigation" finished-at="2021-12-02T18:53:54 IST" duration-ms="108488" status="PASS">
          <reporter-output>
          </reporter-output>
        </test-method> <!-- pageNavigation -->
      </class> <!-- Testing.EndTest -->
    </test> <!-- Test -->
  </suite> <!-- Suite -->
</testng-results>
