<?xml version="1.0" encoding="UTF-8"?>
<testng-results ignored="0" total="1" passed="1" failed="0" skipped="0">
  <reporter-output>
  </reporter-output>
  <suite started-at="2021-12-02T20:58:28 IST" name="Default suite" finished-at="2021-12-02T20:59:25 IST" duration-ms="56702">
    <groups>
    </groups>
    <test started-at="2021-12-02T20:58:28 IST" name="Default test" finished-at="2021-12-02T20:59:25 IST" duration-ms="56702">
      <class name="Testing.EndTest">
        <test-method is-config="true" signature="setUp()[pri:0, instance:Testing.EndTest@6b54655f]" started-at="2021-12-02T20:58:28 IST" name="setUp" finished-at="2021-12-02T20:58:28 IST" duration-ms="315" status="PASS">
          <reporter-output>
          </reporter-output>
        </test-method> <!-- setUp -->
        <test-method signature="pageNavigation()[pri:0, instance:Testing.EndTest@6b54655f]" started-at="2021-12-02T20:58:28 IST" name="pageNavigation" finished-at="2021-12-02T20:59:25 IST" duration-ms="56346" status="PASS">
          <reporter-output>
          </reporter-output>
        </test-method> <!-- pageNavigation -->
      </class> <!-- Testing.EndTest -->
    </test> <!-- Default test -->
  </suite> <!-- Default suite -->
</testng-results>
